<?xml version="1.0" encoding="UTF-8"?>
<testng-results skipped="0" failed="0" ignored="0" total="1" passed="1">
  <reporter-output>
  </reporter-output>
  <suite name="Default suite" duration-ms="4571" started-at="2018-09-07T12:59:49Z" finished-at="2018-09-07T12:59:53Z">
    <groups>
    </groups>
    <test name="Default test" duration-ms="4571" started-at="2018-09-07T12:59:49Z" finished-at="2018-09-07T12:59:53Z">
      <class name="com.ringcentral.test.testRingSampleTestCase">
        <test-method status="PASS" signature="testVersionApi()[pri:0, instance:com.ringcentral.test.testRingSampleTestCase@6a4f787b]" name="testVersionApi" duration-ms="4549" started-at="2018-09-07T05:59:49Z" finished-at="2018-09-07T05:59:53Z">
          <reporter-output>
          </reporter-output>
        </test-method> <!-- testVersionApi -->
      </class> <!-- com.ringcentral.test.testRingSampleTestCase -->
    </test> <!-- Default test -->
  </suite> <!-- Default suite -->
</testng-results>
